2021-07-10T22:50:45.702Z [32minfo[39m: 	Se inició servidor en Puerto 8080 - PID WORKER: 12184
2021-07-10T22:50:45.763Z [32minfo[39m: 	Cliente ID:XF429Wit_6gOp77UAAAB inició conexión a traves de Socket
2021-07-10T22:51:04.186Z [32minfo[39m: 	Se inició servidor en Puerto 8080 - PID WORKER: 6732
2021-07-10T22:51:05.258Z [32minfo[39m: 	Cliente ID:2ElLVQ17O9wJcVr6AAAB inició conexión a traves de Socket
2021-07-10T22:52:17.980Z [32minfo[39m: 	Se inició servidor en Puerto 8080 - PID WORKER: 6052
2021-07-10T22:52:18.214Z [32minfo[39m: 	Cliente ID:8OnxV1R3khID6P2jAAAB inició conexión a traves de Socket
2021-07-10T22:52:27.501Z [32minfo[39m: 	Se inició servidor en Puerto 8080 - PID WORKER: 8824
2021-07-10T22:52:28.239Z [32minfo[39m: 	Cliente ID:TaD4XKKce1PZoAzYAAAB inició conexión a traves de Socket
2021-07-10T22:52:42.451Z [32minfo[39m: 	Se inició servidor en Puerto 8080 - PID WORKER: 3468
2021-07-10T22:52:43.331Z [32minfo[39m: 	Cliente ID:WgUDi_FdWjBtSx75AAAB inició conexión a traves de Socket
2021-07-10T22:54:08.234Z [32minfo[39m: 	Se inició servidor en Puerto 8080 - PID WORKER: 4888
2021-07-10T22:54:08.521Z [32minfo[39m: 	Cliente ID:9SsSArF97SIByBP8AAAB inició conexión a traves de Socket
2021-07-10T22:54:17.624Z [32minfo[39m: 	Se inició servidor en Puerto 8080 - PID WORKER: 4920
2021-07-10T22:54:18.216Z [32minfo[39m: 	Cliente ID:vaWpqbXTjsFK5PW6AAAB inició conexión a traves de Socket
2021-07-10T22:54:28.714Z [32minfo[39m: 	Se inició servidor en Puerto 8080 - PID WORKER: 2884
2021-07-10T22:54:29.252Z [32minfo[39m: 	Cliente ID:TRBZv4SOUds6FpCaAAAB inició conexión a traves de Socket
2021-07-10T22:54:54.158Z [32minfo[39m: 	Se inició servidor en Puerto 8080 - PID WORKER: 1276
2021-07-10T22:54:55.236Z [32minfo[39m: 	Cliente ID:7o6INK5sjH8Zkv-kAAAB inició conexión a traves de Socket
2021-07-10T22:55:16.029Z [32minfo[39m: 	Se inició servidor en Puerto 8080 - PID WORKER: 1288
2021-07-10T22:55:19.224Z [32minfo[39m: 	Cliente ID:H-uj7vu0xHZ5SYakAAAB inició conexión a traves de Socket
2021-07-10T22:55:31.004Z [32minfo[39m: 	Se inició servidor en Puerto 8080 - PID WORKER: 7844
2021-07-10T22:55:32.045Z [32minfo[39m: 	Se inició servidor en Puerto 8080 - PID WORKER: 11356
2021-07-10T22:55:32.229Z [32minfo[39m: 	Cliente ID:KfVwPEyAMVeBV405AAAB inició conexión a traves de Socket
2021-07-10T22:55:42.016Z [32minfo[39m: 	Se inició servidor en Puerto 8080 - PID WORKER: 3692
2021-07-10T22:55:42.225Z [32minfo[39m: 	Cliente ID:OCifO_lRpk-wra3FAAAB inició conexión a traves de Socket
2021-07-10T22:55:43.982Z [32minfo[39m: 	Se inició servidor en Puerto 8080 - PID WORKER: 8276
2021-07-10T22:55:45.230Z [32minfo[39m: 	Cliente ID:rCWcGjLLHK4OyDhyAAAB inició conexión a traves de Socket
2021-07-10T22:55:51.991Z [32minfo[39m: 	Se inició servidor en Puerto 8080 - PID WORKER: 8068
2021-07-10T22:55:53.259Z [32minfo[39m: 	Cliente ID:Qv1RlgtnX7Vla59aAAAB inició conexión a traves de Socket
2021-07-10T22:56:01.134Z [32minfo[39m: 	Se inició servidor en Puerto 8080 - PID WORKER: 10220
2021-07-10T22:56:01.222Z [32minfo[39m: 	Cliente ID:MccEpb2WcFkUblJiAAAB inició conexión a traves de Socket
2021-07-10T22:56:06.954Z [32minfo[39m: 	Se inició servidor en Puerto 8080 - PID WORKER: 2780
2021-07-10T22:56:08.229Z [32minfo[39m: 	Cliente ID:zViIHgjkLivQi1UNAAAB inició conexión a traves de Socket
2021-07-10T22:56:13.452Z [32minfo[39m: 	Se inició servidor en Puerto 8080 - PID WORKER: 4440
2021-07-10T22:56:14.229Z [32minfo[39m: 	Cliente ID:4rADmly7GSR1ggLFAAAB inició conexión a traves de Socket
2021-07-10T22:56:21.143Z [32minfo[39m: 	Se inició servidor en Puerto 8080 - PID WORKER: 6360
2021-07-10T22:56:22.223Z [32minfo[39m: 	Cliente ID:gkjrgTO5iw-t4yzwAAAB inició conexión a traves de Socket
2021-07-10T22:56:23.652Z [32minfo[39m: 	Se inició servidor en Puerto 8080 - PID WORKER: 10564
2021-07-10T22:56:25.220Z [32minfo[39m: 	Cliente ID:EJSS2ZdQNyXjO1SbAAAB inició conexión a traves de Socket
2021-07-10T22:56:27.671Z [32minfo[39m: 	Se inició servidor en Puerto 8080 - PID WORKER: 12808
2021-07-10T22:56:28.226Z [32minfo[39m: 	Cliente ID:KaGFBxLX5aq73xD0AAAB inició conexión a traves de Socket
2021-07-10T22:56:31.365Z [32minfo[39m: 	Se inició servidor en Puerto 8080 - PID WORKER: 8824
2021-07-10T22:56:32.235Z [32minfo[39m: 	Cliente ID:6gK2bb3Jyjia9txNAAAB inició conexión a traves de Socket
2021-07-10T22:57:05.887Z [32minfo[39m: 	Se inició servidor en Puerto 8080 - PID WORKER: 1784
2021-07-10T22:57:06.255Z [32minfo[39m: 	Cliente ID:FBft4DCCqBj46_LoAAAB inició conexión a traves de Socket
2021-07-15T20:21:08.373Z [32minfo[39m: 	Se inició servidor en Puerto 8080 - PID WORKER: 7632
2021-07-16T21:37:55.984Z [32minfo[39m: 	Se inició servidor en Puerto 8080 - PID WORKER: 13904
